{"error":"FOREIGN KEY constraint failed","level":"error","message":"Error logging delivery","messageId":"admin_test_1757260149446","service":"message-delivery","status":"delivered","timestamp":"2025-09-07T15:49:09.474Z","userId":"111111111"}
{"error":"FOREIGN KEY constraint failed","level":"error","message":"Error logging delivery","messageId":"admin_test_1757260149446","service":"message-delivery","status":"delivered","timestamp":"2025-09-07T15:49:09.609Z","userId":"222222222"}
{"error":"FOREIGN KEY constraint failed","level":"error","message":"Error logging delivery","messageId":"admin_test_1757260149446","service":"message-delivery","status":"delivered","timestamp":"2025-09-07T15:49:09.618Z","userId":"333333333"}
{"error":"FOREIGN KEY constraint failed","level":"error","message":"Error logging delivery","messageId":"admin_test_1757260149663","service":"message-delivery","status":"delivered","timestamp":"2025-09-07T15:49:09.668Z","userId":"111111111"}
{"error":"The database connection is not open","level":"error","message":"Error retrieving active users","service":"message-delivery","timestamp":"2025-09-07T15:49:09.719Z"}
{"error":"FOREIGN KEY constraint failed","level":"error","message":"Error logging delivery","messageId":"admin_test_1757260149727","service":"message-delivery","status":"failed","timestamp":"2025-09-07T15:49:09.730Z","userId":"111111111"}
{"error":"Telegram API Error","level":"error","message":"Message delivery failed","messageId":"admin_test_1757260149727","service":"message-delivery","timestamp":"2025-09-07T15:49:09.730Z","userId":"111111111"}
{"error":"The database connection is not open","level":"error","message":"Error retrieving active users","service":"message-delivery","timestamp":"2025-09-07T15:50:12.703Z"}
{"error":"Telegram API Error","level":"error","message":"Message delivery failed","messageId":null,"service":"message-delivery","timestamp":"2025-09-07T15:50:12.715Z","userId":"111111111"}
{"error":"The database connection is not open","level":"error","message":"Error retrieving active users","service":"message-delivery","timestamp":"2025-09-07T15:50:41.714Z"}
{"error":"Telegram API Error","level":"error","message":"Message delivery failed","messageId":null,"service":"message-delivery","timestamp":"2025-09-07T15:50:41.726Z","userId":"111111111"}
{"error":"The database connection is not open","level":"error","message":"Error retrieving active users","service":"message-delivery","timestamp":"2025-09-07T15:51:02.624Z"}
{"error":"Telegram API Error","level":"error","message":"Message delivery failed","messageId":null,"service":"message-delivery","timestamp":"2025-09-07T15:51:02.637Z","userId":"111111111"}
{"error":"Cannot read properties of undefined (reading 'sendMessage')","level":"error","message":"Message delivery failed","messageId":null,"service":"message-delivery","timestamp":"2025-09-07T17:00:40.194Z","userId":"385422190"}
{"error":"Cannot read properties of undefined (reading 'sendMessage')","level":"error","message":"Message delivery failed","messageId":null,"service":"message-delivery","timestamp":"2025-09-07T17:00:40.347Z","userId":"339828401"}
{"error":"Invalid token","level":"error","message":"Bot token validation failed","service":"message-delivery","timestamp":"2025-09-07T17:12:48.370Z"}
{"error":"Forbidden: bot was blocked by the user","errorStatus":"blocked","isAdmin":true,"level":"error","message":"Message delivery failed","messageId":"admin_test_123","service":"message-delivery","timestamp":"2025-09-07T17:12:48.375Z","userId":"12345"}
{"error":"Forbidden: bot was blocked by the user","errorStatus":"blocked","isAdmin":true,"level":"error","message":"Message delivery failed","messageId":"admin_test_1757265168532","service":"message-delivery","timestamp":"2025-09-07T17:12:48.685Z","userId":"54321"}
{"error":"Invalid token","level":"error","message":"Bot token validation failed","service":"message-delivery","timestamp":"2025-09-07T17:12:48.692Z"}
{"error":"Cannot read properties of undefined (reading 'getMe')","level":"error","message":"Bot token validation failed","service":"message-delivery","timestamp":"2025-09-07T17:16:24.674Z"}
{"error":"Invalid token","level":"error","message":"Bot token validation failed","service":"message-delivery","timestamp":"2025-09-07T18:07:55.502Z"}
{"error":"Forbidden: bot was blocked by the user","errorStatus":"blocked","isAdmin":true,"level":"error","message":"Message delivery failed","messageId":"admin_test_123","service":"message-delivery","timestamp":"2025-09-07T18:07:55.507Z","userId":"12345"}
{"error":"Forbidden: bot was blocked by the user","errorStatus":"blocked","isAdmin":true,"level":"error","message":"Message delivery failed","messageId":"admin_test_1757268475666","service":"message-delivery","timestamp":"2025-09-07T18:07:55.819Z","userId":"54321"}
{"error":"Invalid token","level":"error","message":"Bot token validation failed","service":"message-delivery","timestamp":"2025-09-07T18:07:55.824Z"}
{"error":"bot.telegram.getMe is not a function","level":"error","message":"Bot token validation failed","service":"message-delivery","timestamp":"2025-09-07T18:49:30.919Z"}
{"error":"Forbidden: bot was blocked by the user","errorCode":403,"errorStatus":"blocked","isAdmin":true,"level":"error","message":"Message delivery failed","messageId":"admin_test_1757271012891","service":"message-delivery","timestamp":"2025-09-07T18:50:13.045Z","userId":"222222222"}
{"error":"Forbidden: bot was blocked by the user","errorCode":403,"errorStatus":"blocked","isAdmin":true,"level":"error","message":"Message delivery failed","messageId":"admin_test_1757271012891","service":"message-delivery","timestamp":"2025-09-07T18:50:13.045Z","userId":"333333333"}
{"error":"Cannot read properties of undefined (reading 'getMe')","level":"error","message":"Bot token validation failed","service":"message-delivery","timestamp":"2025-09-07T18:54:04.579Z"}
